gen 0	best -393.991	worst -863.871
gen 1	best -195.466	worst -656.275
gen 2	best -460.779	worst -1130.93
gen 3	best -268.09	worst -862.377
gen 4	best -334.53	worst -789.227
gen 5	best -80.9196	worst -723.994
gen 6	best -182.781	worst -934.474
gen 7	best -72.2704	worst -694.539
gen 8	best -119.565	worst -725.189
gen 9	best -168.718	worst -674.698
gen 10	best -332.085	worst -961.127
gen 11	best -53.6671	worst -911.718
gen 12	best -115.073	worst -1066.14
gen 13	best -48.185	worst -905.36
gen 14	best -259.969	worst -692.304
gen 15	best -228.367	worst -700.591
gen 16	best -387.517	worst -820.797
gen 17	best -507.314	worst -767.768
gen 18	best -285.962	worst -1131.62
gen 19	best -513.885	worst -1152.63
gen 20	best -247.873	worst -826.366
gen 21	best -566.061	worst -1102.39
gen 22	best -208.981	worst -781.964
gen 23	best -88.5559	worst -620.489
gen 24	best -208.425	worst -540.371
gen 25	best -125.736	worst -676.977
gen 26	best -170.076	worst -772.587
gen 27	best -121.042	worst -798.408
gen 28	best -114.031	worst -870.791
gen 29	best -104.126	worst -677.678
gen 30	best -219.364	worst -734.607
gen 31	best -184.662	worst -782.812
gen 32	best -125.03	worst -783.801
gen 33	best -89.1281	worst -895.642
gen 34	best -126.159	worst -755.944
gen 35	best -91.7611	worst -845.51
gen 36	best -98.7331	worst -905.004
gen 37	best -212.176	worst -770.399
gen 38	best -72.5315	worst -944.008
gen 39	best -90.3471	worst -829.185
gen 40	best -195.257	worst -814.998
gen 41	best -334.865	worst -849.18
gen 42	best -79.6589	worst -744.935
gen 43	best -123.657	worst -629.33
gen 44	best -214.375	worst -994.72
gen 45	best -212.886	worst -836.426
gen 46	best -71.702	worst -548.525
gen 47	best -167.897	worst -633.539
gen 48	best -62.5945	worst -514.36
gen 49	best -67.8188	worst -709.248
gen 50	best -126.246	worst -959.763
gen 51	best -281.523	worst -777.132
gen 52	best -620.567	worst -1052
gen 53	best -146.428	worst -1007.96
gen 54	best -167.101	worst -748.632
gen 55	best -130.933	worst -913.041
gen 56	best -129.169	worst -931.29
gen 57	best -174.326	worst -585.898
gen 58	best -243.231	worst -950.218
gen 59	best -164.353	worst -460.92
gen 60	best -173.147	worst -579.447
gen 61	best -107.094	worst -803.991
gen 62	best -490.226	worst -963.242
gen 63	best -200.177	worst -680.016
gen 64	best -181.971	worst -780.736
gen 65	best -111.638	worst -879.831
gen 66	best -83.1597	worst -539.316
gen 67	best -132.916	worst -772.112
gen 68	best -77.5386	worst -639.453
gen 69	best -518.272	worst -1033.35
gen 70	best -278.568	worst -913.798
gen 71	best -276.43	worst -944.367
gen 72	best -138.345	worst -881.216
gen 73	best -76.8809	worst -769.065
gen 74	best -204.199	worst -796.305
gen 75	best -136.555	worst -875.599
gen 76	best -79.3403	worst -879.306
gen 77	best -194.342	worst -812.191
gen 78	best -332.438	worst -814.831
gen 79	best -175.711	worst -808.489
gen 80	best -65.3233	worst -955.873
gen 81	best -231.03	worst -991.545
gen 82	best -65.9844	worst -859.433
gen 83	best -171.11	worst -656.859
gen 84	best -120.082	worst -806.254
gen 85	best -58.037	worst -853.532
gen 86	best -106.703	worst -761.64
gen 87	best -172.559	worst -901.567
gen 88	best -145.73	worst -784.265
gen 89	best -173.86	worst -917.613
gen 90	best -118.883	worst -825.41
gen 91	best -388.912	worst -955.683
gen 92	best -166.14	worst -762.735
gen 93	best -204.166	worst -860.446
gen 94	best -70.0126	worst -603.169
gen 95	best -191.378	worst -935.2
gen 96	best -336.684	worst -1062.5
gen 97	best -401.229	worst -1045.35
gen 98	best -356.841	worst -824.441
gen 99	best -59.3527	worst -744.196
gen 100	best -243.619	worst -663.017
gen 101	best -104.89	worst -811.145
gen 102	best -76.6573	worst -767.239
gen 103	best -153.392	worst -560.621
gen 104	best -302.028	worst -810.838
gen 105	best -191.091	worst -717.286
gen 106	best -100.091	worst -771.745
gen 107	best -154.212	worst -699.067
gen 108	best -780.935	worst -1185.93
gen 109	best -214.135	worst -843.517
gen 110	best -151.225	worst -822.58
gen 111	best -103.286	worst -591.397
gen 112	best -109.735	worst -869.606
gen 113	best -209.315	worst -675.85
gen 114	best -125.384	worst -588.788
gen 115	best -403.676	worst -929.26
gen 116	best -111.042	worst -822.825
gen 117	best -52.5258	worst -889.203
gen 118	best -230.692	worst -741.51
gen 119	best -151.204	worst -756.125
gen 120	best -180.565	worst -719.792
gen 121	best -248.55	worst -757.001
gen 122	best -273.331	worst -801.495
gen 123	best -193.073	worst -859.18
gen 124	best -200.955	worst -662.216
gen 125	best -295.554	worst -956.434
gen 126	best -321.651	worst -952.841
gen 127	best -125.391	worst -727.636
gen 128	best -146.358	worst -834.45
gen 129	best -319.576	worst -851.06
gen 130	best -121.162	worst -605.96
gen 131	best -260.405	worst -1069.1
gen 132	best -94.873	worst -835.231
gen 133	best -92.0258	worst -764.369
gen 134	best -259.352	worst -866.76
gen 135	best -253.89	worst -750.999
gen 136	best -166.089	worst -755.945
gen 137	best -156.423	worst -710.056
gen 138	best -216.454	worst -683.313
gen 139	best -201.148	worst -660.633
gen 140	best -91.7276	worst -779.984
gen 141	best -141.096	worst -642.212
gen 142	best -131.797	worst -877.126
gen 143	best -106.536	worst -822.597
gen 144	best -246.061	worst -822.311
gen 145	best -183.655	worst -732.886
gen 146	best -133.777	worst -816.02
gen 147	best -167.384	worst -685.128
gen 148	best -192.473	worst -923.328
gen 149	best -355.014	worst -946.068
gen 150	best -313.884	worst -711.684
gen 151	best -151.705	worst -701.256
gen 152	best -180.886	worst -954.018
gen 153	best -246.352	worst -536.221
gen 154	best -182.794	worst -557.675
gen 155	best -173.111	worst -879.284
gen 156	best -72.135	worst -867.087
gen 157	best -236.72	worst -736.789
gen 158	best -139.081	worst -759.116
gen 159	best -194.927	worst -787.862
gen 160	best -146.733	worst -912.701
gen 161	best -240.599	worst -962.054
gen 162	best -214.206	worst -688.6
gen 163	best -234.446	worst -812.211
gen 164	best -249.865	worst -854.475
gen 165	best -212.946	worst -762.572
gen 166	best -168.21	worst -829.905
gen 167	best -51.1883	worst -743.244
gen 168	best -249.489	worst -787.279
gen 169	best -299.932	worst -825.911
gen 170	best -290.602	worst -1062.77
gen 171	best -252.995	worst -749.481
gen 172	best -103.904	worst -868.175
gen 173	best -281.154	worst -720.277
gen 174	best -131.98	worst -789.752
gen 175	best -125.683	worst -721.316
gen 176	best -276.179	worst -774.821
gen 177	best -174.744	worst -742.364
gen 178	best -174.716	worst -603.556
gen 179	best -142.126	worst -569.172
gen 180	best -388.056	worst -638.387
gen 181	best -95.3123	worst -908.74
gen 182	best -393.897	worst -1044.42
gen 183	best -85.3867	worst -885.838
gen 184	best -141.082	worst -753.416
gen 185	best -189.662	worst -785.576
gen 186	best -86.613	worst -726.941
gen 187	best -164.934	worst -809.508
gen 188	best -350.647	worst -934.655
gen 189	best -133.155	worst -473.734
gen 190	best -151.586	worst -917.387
gen 191	best -319.682	worst -935.685
gen 192	best -75.3836	worst -933.115
gen 193	best -78.6251	worst -900.524
gen 194	best -198.266	worst -615.543
gen 195	best -233.499	worst -705.32
gen 196	best -109.955	worst -851.73
gen 197	best -248.748	worst -873.16
gen 198	best -132.337	worst -811.101
gen 199	best -220.378	worst -914.327
gen 200	best -140.803	worst -1041.98
gen 201	best -48.5422	worst -918.729
gen 202	best -116.813	worst -887.455
gen 203	best -198.261	worst -939.8
gen 204	best -54.0892	worst -905.911
gen 205	best -211.177	worst -926.697
gen 206	best -273.401	worst -770.571
gen 207	best -315.249	worst -925.756
gen 208	best -271.839	worst -1043.92
gen 209	best -68.2059	worst -636.858
gen 210	best -87.7718	worst -902.426
gen 211	best -111.459	worst -709.337
gen 212	best -114.471	worst -787.934
gen 213	best -89.8381	worst -830.813
gen 214	best -141.068	worst -1103.38
gen 215	best -302.309	worst -971.131
gen 216	best -104.588	worst -800.271
gen 217	best -176.146	worst -780.206
gen 218	best -104.87	worst -979.142
gen 219	best -187.522	worst -684.482
gen 220	best -125.873	worst -847.418
gen 221	best -62.8155	worst -945.299
gen 222	best -137.232	worst -891.678
gen 223	best -113.785	worst -951.997
gen 224	best -103.954	worst -983.84
gen 225	best -172.804	worst -990.682
gen 226	best -146.378	worst -925.162
gen 227	best -175.879	worst -913.461
gen 228	best -128.127	worst -953.747
gen 229	best -173.25	worst -872.198
gen 230	best -160.147	worst -803.298
gen 231	best -259.972	worst -878.332
gen 232	best -95.1632	worst -835.587
gen 233	best -166.585	worst -689.912
gen 234	best -113.947	worst -721.323
gen 235	best -342.85	worst -862.597
gen 236	best -169.689	worst -752.29
gen 237	best -182.18	worst -852.689
gen 238	best -129.781	worst -985.507
gen 239	best -56.2478	worst -772.831
gen 240	best -67.7798	worst -752
gen 241	best -157.582	worst -705.41
gen 242	best -123.118	worst -1156.14
gen 243	best -136.173	worst -892.07
gen 244	best -318.505	worst -1042.08
gen 245	best -111.352	worst -1059.79
gen 246	best -608.143	worst -1123.89
gen 247	best -241.631	worst -906.436
gen 248	best -175.661	worst -732.073
gen 249	best -87.4987	worst -810.912
gen 250	best -148.456	worst -927.987
gen 251	best -243.734	worst -853.348
gen 252	best -104.224	worst -1125.86
gen 253	best -181.247	worst -969.929
gen 254	best -114.243	worst -919.799
gen 255	best -387.884	worst -1048.72
gen 256	best -95.5036	worst -938.107
gen 257	best -122.262	worst -1049.22
gen 258	best -418.773	worst -913.615
gen 259	best -214.703	worst -742.352
gen 260	best -276.553	worst -904.603
gen 261	best -223.251	worst -990.939
gen 262	best -103.216	worst -899.501
gen 263	best -387.649	worst -813.305
gen 264	best -249.773	worst -984.983
gen 265	best -222.936	worst -831.686
gen 266	best -160.024	worst -846.232
gen 267	best -152.589	worst -995.43
gen 268	best -95.7664	worst -747.391
gen 269	best -110.459	worst -1145.15
gen 270	best -414.385	worst -865.085
gen 271	best -266.542	worst -1134.57
gen 272	best -127.185	worst -914.531
gen 273	best -60.5215	worst -807.838
gen 274	best -95.9255	worst -872.985
gen 275	best -150.453	worst -913.786
gen 276	best -66.3922	worst -830.457
gen 277	best -267.247	worst -590.242
gen 278	best -156.446	worst -755.102
gen 279	best -303.258	worst -883.147
gen 280	best -459.039	worst -1085.75
gen 281	best -288.813	worst -944.685
gen 282	best -109.69	worst -840.514
gen 283	best -165.787	worst -591.693
gen 284	best -107.831	worst -732.669
gen 285	best -539.443	worst -1258.99
gen 286	best -377.91	worst -870.87
gen 287	best -173.482	worst -661.832
gen 288	best -85.2325	worst -844.384
gen 289	best -80.8259	worst -810.529
gen 290	best -221.166	worst -815.529
gen 291	best -290.865	worst -850.575
gen 292	best -109.357	worst -662.242
gen 293	best -204.781	worst -759.151
gen 294	best -127.969	worst -717.082
gen 295	best -176.449	worst -997.352
gen 296	best -163.422	worst -927.705
gen 297	best -247.128	worst -704.163
gen 298	best -225.098	worst -669.005
gen 299	best -130.368	worst -853.029
gen 300	best -380.373	worst -866.644
gen 301	best -108.609	worst -812.805
gen 302	best -136.367	worst -729.929
gen 303	best -485.863	worst -1095.07
gen 304	best -411.249	worst -1064.39
gen 305	best -93.949	worst -880.512
gen 306	best -121.199	worst -889.302
gen 307	best -96.6041	worst -700.521
gen 308	best -195.415	worst -652.061
gen 309	best -341.926	worst -942.95
gen 310	best -68.0353	worst -494.634
gen 311	best -117.414	worst -793.37
gen 312	best -113.495	worst -874.087
gen 313	best -314.703	worst -909.983
gen 314	best -65.6727	worst -737.168
gen 315	best -205.601	worst -952.883
gen 316	best -222.943	worst -1027.32
gen 317	best -145.369	worst -895.003
gen 318	best -345.38	worst -810.799
gen 319	best -96.9073	worst -740.514
gen 320	best -107.711	worst -707.399
gen 321	best -62.2651	worst -759.937
gen 322	best -390.165	worst -844.997
gen 323	best -299.879	worst -841.371
gen 324	best -429.74	worst -857.604
gen 325	best -189.732	worst -810.102
gen 326	best -230	worst -732.971
gen 327	best -140.94	worst -644.231
gen 328	best -87.0825	worst -729.192
gen 329	best -332.964	worst -1002.19
gen 330	best -151.009	worst -764.616
gen 331	best -578.292	worst -1107.53
gen 332	best -101.451	worst -825.568
gen 333	best -160.665	worst -780.313
gen 334	best -71.5805	worst -812.528
gen 335	best -87.5997	worst -901.662
gen 336	best -214.809	worst -911.191
gen 337	best -136.39	worst -794.221
gen 338	best -58.35	worst -794.04
gen 339	best -242.684	worst -999.324
gen 340	best -183.649	worst -693.43
gen 341	best -263.083	worst -781.664
gen 342	best -75.0441	worst -867.186
gen 343	best -110.369	worst -721.055
gen 344	best -223.576	worst -895.743
gen 345	best -654.768	worst -1096.67
gen 346	best -436.011	worst -1066.95
gen 347	best -174.685	worst -946.117
gen 348	best -153.515	worst -737.087
gen 349	best -118.246	worst -1017.85
gen 350	best -143.729	worst -883.828
gen 351	best -162.689	worst -719.84
gen 352	best -117.933	worst -828.676
gen 353	best -98.8619	worst -828.931
gen 354	best -69.2552	worst -766.188
gen 355	best -193.559	worst -892.883
gen 356	best -444.428	worst -979.36
gen 357	best -382.508	worst -1108.09
gen 358	best -269.334	worst -768.353
gen 359	best -238.674	worst -1122.62
gen 360	best -274.936	worst -525.381
gen 361	best -100.058	worst -637.026
gen 362	best -173.783	worst -785.016
gen 363	best -94.2567	worst -773.82
gen 364	best -115.294	worst -969.918
gen 365	best -129.582	worst -983.001
gen 366	best -82.3736	worst -800.039
gen 367	best -150.564	worst -1046.71
gen 368	best -131.126	worst -872.627
gen 369	best -167.789	worst -1068.65
gen 370	best -571.188	worst -1035.43
gen 371	best -264.879	worst -878.736
gen 372	best -122.254	worst -854.587
gen 373	best -186.336	worst -829.434
gen 374	best -144.005	worst -648.681
gen 375	best -130.769	worst -902.111
gen 376	best -200.714	worst -1136.79
gen 377	best -150.111	worst -713.538
gen 378	best -130.657	worst -703.891
gen 379	best -278.129	worst -645.325
gen 380	best -197.003	worst -732.139
gen 381	best -77.9459	worst -857.743
gen 382	best -197.161	worst -918.333
gen 383	best -70.6142	worst -738.379
